[0.310s] Invoking command in '/home/ubuntu/ros2_ws/build/raspimouse_msgs': CMAKE_PREFIX_PATH=${CMAKE_PREFIX_PATH}:/home/ubuntu/ros2_ws/install/raspimouse:/opt/ros/foxy /usr/bin/cmake --build /home/ubuntu/ros2_ws/build/raspimouse_msgs -- -j4 -l4
[1.845s] -- Found ament_cmake: 0.9.9 (/opt/ros/foxy/share/ament_cmake/cmake)
[2.065s] -- Found PythonInterp: /usr/bin/python3 (found suitable version "3.8.10", minimum required is "3") 
[2.067s] -- Using PYTHON_EXECUTABLE: /usr/bin/python3
[3.669s] -- Found rosidl_default_generators: 1.0.1 (/opt/ros/foxy/share/rosidl_default_generators/cmake)
[3.709s] -- Using all available rosidl_typesupport_c: rosidl_typesupport_fastrtps_c;rosidl_typesupport_introspection_c
[3.754s] -- Found rosidl_adapter: 1.2.1 (/opt/ros/foxy/share/rosidl_adapter/cmake)
[5.156s] -- Using all available rosidl_typesupport_cpp: rosidl_typesupport_fastrtps_cpp;rosidl_typesupport_introspection_cpp
[5.611s] -- Found PythonInterp: /usr/bin/python3 (found version "3.8.10") 
[7.475s] CMake Error at /opt/ros/foxy/share/rosidl_adapter/cmake/rosidl_adapt_interfaces.cmake:60 (message):
[7.476s]   execute_process(/usr/bin/python3 -m rosidl_adapter --package-name
[7.477s]   raspimouse_msgs --arguments-file
[7.478s]   /home/ubuntu/ros2_ws/build/raspimouse_msgs/rosidl_adapter__arguments__raspimouse_msgs.json
[7.479s]   --output-dir
[7.480s]   /home/ubuntu/ros2_ws/build/raspimouse_msgs/rosidl_adapter/raspimouse_msgs
[7.481s]   --output-file
[7.482s]   /home/ubuntu/ros2_ws/build/raspimouse_msgs/rosidl_adapter/raspimouse_msgs.idls)
[7.483s]   returned error code 1:
[7.484s] 
[7.485s]   Error with: raspimouse_msgs TimedMotion ---
[7.486s] 
[7.487s]   Traceback (most recent call last):
[7.487s] 
[7.488s]     File "/usr/lib/python3.8/runpy.py", line 194, in _run_module_as_main
[7.489s]       return _run_code(code, main_globals, None,
[7.490s]     File "/usr/lib/python3.8/runpy.py", line 87, in _run_code
[7.491s]       exec(code, run_globals)
[7.492s]     File "/opt/ros/foxy/lib/python3.8/site-packages/rosidl_adapter/__main__.py", line 19, in <module>
[7.492s]       sys.exit(main())
[7.493s]     File "/opt/ros/foxy/lib/python3.8/site-packages/rosidl_adapter/main.py", line 53, in main
[7.494s]       abs_idl_file = convert_to_idl(
[7.494s]     File "/opt/ros/foxy/lib/python3.8/site-packages/rosidl_adapter/__init__.py", line 19, in convert_to_idl
[7.495s]       return convert_msg_to_idl(
[7.496s]     File "/opt/ros/foxy/lib/python3.8/site-packages/rosidl_adapter/msg/__init__.py", line 28, in convert_msg_to_idl
[7.497s]       msg = parse_message_string(package_name, input_file.stem, content)
[7.498s]     File "/opt/ros/foxy/lib/python3.8/site-packages/rosidl_adapter/parser.py", line 506, in parse_message_string
[7.498s]       raise InvalidFieldDefinition(line)
[7.499s] 
[7.500s]   rosidl_adapter.parser.InvalidFieldDefinition: ---
[7.501s] 
[7.502s] Call Stack (most recent call first):
[7.503s]   /opt/ros/foxy/share/rosidl_cmake/cmake/rosidl_generate_interfaces.cmake:130 (rosidl_adapt_interfaces)
[7.503s]   CMakeLists.txt:24 (rosidl_generate_interfaces)
[7.504s] 
[7.505s] 
[7.506s] -- Configuring incomplete, errors occurred!
[7.506s] See also "/home/ubuntu/ros2_ws/build/raspimouse_msgs/CMakeFiles/CMakeOutput.log".
[7.783s] make: *** [Makefile:1948: cmake_check_build_system] Error 1
[7.797s] Invoked command in '/home/ubuntu/ros2_ws/build/raspimouse_msgs' returned '2': CMAKE_PREFIX_PATH=${CMAKE_PREFIX_PATH}:/home/ubuntu/ros2_ws/install/raspimouse:/opt/ros/foxy /usr/bin/cmake --build /home/ubuntu/ros2_ws/build/raspimouse_msgs -- -j4 -l4
