[0.319s] Invoking command in '/home/ubuntu/ros2_ws/build/raspimouse_msgs': /usr/bin/cmake --build /home/ubuntu/ros2_ws/build/raspimouse_msgs -- -j4 -l4
[0.777s] -- Found ament_cmake: 0.9.9 (/opt/ros/foxy/share/ament_cmake/cmake)
[1.035s] -- Found PythonInterp: /usr/bin/python3 (found suitable version "3.8.10", minimum required is "3") 
[1.037s] -- Using PYTHON_EXECUTABLE: /usr/bin/python3
[3.274s] -- Found rosidl_default_generators: 1.0.1 (/opt/ros/foxy/share/rosidl_default_generators/cmake)
[3.315s] -- Using all available rosidl_typesupport_c: rosidl_typesupport_fastrtps_c;rosidl_typesupport_introspection_c
[3.364s] -- Found rosidl_adapter: 1.2.1 (/opt/ros/foxy/share/rosidl_adapter/cmake)
[4.794s] -- Using all available rosidl_typesupport_cpp: rosidl_typesupport_fastrtps_cpp;rosidl_typesupport_introspection_cpp
[5.367s] -- Found PythonInterp: /usr/bin/python3 (found version "3.8.10") 
[7.670s] Error parsing '/home/ubuntu/ros2_ws/src/raspimouse_msgs/package.xml':
[8.919s] Traceback (most recent call last):
[8.921s]   File "/opt/ros/foxy/share/ament_cmake_core/cmake/core/package_xml_2_cmake.py", line 143, in <module>
[8.923s]     main()
[8.924s]   File "/opt/ros/foxy/share/ament_cmake_core/cmake/core/package_xml_2_cmake.py", line 52, in main
[8.926s]     raise e
[8.927s]   File "/opt/ros/foxy/share/ament_cmake_core/cmake/core/package_xml_2_cmake.py", line 48, in main
[8.929s]     package = parse_package_string(
[8.931s]   File "/usr/lib/python3/dist-packages/catkin_pkg/package.py", line 773, in parse_package_string
[8.932s]     pkg.validate(warnings=warnings)
[8.934s]   File "/usr/lib/python3/dist-packages/catkin_pkg/package.py", line 316, in validate
[8.935s]     raise InvalidPackage('\n'.join(errors), self.filename)
[8.936s] catkin_pkg.package.InvalidPackage: Error(s) in package '/home/ubuntu/ros2_ws/src/raspimouse_msgs/package.xml':
[8.938s] Invalid email "34445043+ryotaronaka@users.noreply.github.com " for person "ryotaronaka"
[9.143s] CMake Error at /opt/ros/foxy/share/ament_cmake_core/cmake/core/ament_package_xml.cmake:94 (message):
[9.145s]   execute_process(/usr/bin/python3
[9.146s]   /opt/ros/foxy/share/ament_cmake_core/cmake/core/package_xml_2_cmake.py
[9.147s]   /home/ubuntu/ros2_ws/src/raspimouse_msgs/package.xml
[9.148s]   /home/ubuntu/ros2_ws/build/raspimouse_msgs/ament_cmake_core/package.cmake)
[9.149s]   returned error code 1
[9.150s] Call Stack (most recent call first):
[9.151s]   /opt/ros/foxy/share/ament_cmake_core/cmake/core/ament_package_xml.cmake:49 (_ament_package_xml)
[9.152s]   /opt/ros/foxy/share/rosidl_cmake/cmake/rosidl_generate_interfaces.cmake:226 (ament_package_xml)
[9.154s]   CMakeLists.txt:24 (rosidl_generate_interfaces)
[9.155s] 
[9.156s] 
[9.166s] -- Configuring incomplete, errors occurred!
[9.167s] See also "/home/ubuntu/ros2_ws/build/raspimouse_msgs/CMakeFiles/CMakeOutput.log".
[9.223s] make: *** [Makefile:1948: cmake_check_build_system] Error 1
[9.235s] Invoked command in '/home/ubuntu/ros2_ws/build/raspimouse_msgs' returned '2': /usr/bin/cmake --build /home/ubuntu/ros2_ws/build/raspimouse_msgs -- -j4 -l4
