[0.211s] Invoking command in '/home/ubuntu/ros2_ws/build/raspimouse_msgs': /usr/bin/cmake --build /home/ubuntu/ros2_ws/build/raspimouse_msgs -- -j4 -l4
[0.481s] -- Found ament_cmake: 0.9.9 (/opt/ros/foxy/share/ament_cmake/cmake)
[0.717s] -- Found PythonInterp: /usr/bin/python3 (found suitable version "3.8.10", minimum required is "3") 
[0.719s] -- Using PYTHON_EXECUTABLE: /usr/bin/python3
[2.551s] -- Found rosidl_default_generators: 1.0.1 (/opt/ros/foxy/share/rosidl_default_generators/cmake)
[2.581s] -- Using all available rosidl_typesupport_c: rosidl_typesupport_fastrtps_c;rosidl_typesupport_introspection_c
[2.622s] -- Found rosidl_adapter: 1.2.1 (/opt/ros/foxy/share/rosidl_adapter/cmake)
[3.856s] -- Using all available rosidl_typesupport_cpp: rosidl_typesupport_fastrtps_cpp;rosidl_typesupport_introspection_cpp
[4.339s] -- Found PythonInterp: /usr/bin/python3 (found version "3.8.10") 
[6.437s] Error parsing '/home/ubuntu/ros2_ws/src/raspimouse_msgs/package.xml':
[7.461s] Traceback (most recent call last):
[7.463s]   File "/opt/ros/foxy/share/ament_cmake_core/cmake/core/package_xml_2_cmake.py", line 143, in <module>
[7.465s]     main()
[7.467s]   File "/opt/ros/foxy/share/ament_cmake_core/cmake/core/package_xml_2_cmake.py", line 52, in main
[7.468s]     raise e
[7.470s]   File "/opt/ros/foxy/share/ament_cmake_core/cmake/core/package_xml_2_cmake.py", line 48, in main
[7.471s]     package = parse_package_string(
[7.472s]   File "/usr/lib/python3/dist-packages/catkin_pkg/package.py", line 773, in parse_package_string
[7.474s]     pkg.validate(warnings=warnings)
[7.475s]   File "/usr/lib/python3/dist-packages/catkin_pkg/package.py", line 316, in validate
[7.477s]     raise InvalidPackage('\n'.join(errors), self.filename)
[7.478s] catkin_pkg.package.InvalidPackage: Error(s) in package '/home/ubuntu/ros2_ws/src/raspimouse_msgs/package.xml':
[7.480s] Invalid email "34445043+ryotaronaka@users.noreply.github.com " for person "ryotaronaka"
[7.686s] CMake Error at /opt/ros/foxy/share/ament_cmake_core/cmake/core/ament_package_xml.cmake:94 (message):
[7.687s]   execute_process(/usr/bin/python3
[7.688s]   /opt/ros/foxy/share/ament_cmake_core/cmake/core/package_xml_2_cmake.py
[7.690s]   /home/ubuntu/ros2_ws/src/raspimouse_msgs/package.xml
[7.691s]   /home/ubuntu/ros2_ws/build/raspimouse_msgs/ament_cmake_core/package.cmake)
[7.692s]   returned error code 1
[7.694s] Call Stack (most recent call first):
[7.695s]   /opt/ros/foxy/share/ament_cmake_core/cmake/core/ament_package_xml.cmake:49 (_ament_package_xml)
[7.696s]   /opt/ros/foxy/share/rosidl_cmake/cmake/rosidl_generate_interfaces.cmake:226 (ament_package_xml)
[7.698s]   CMakeLists.txt:24 (rosidl_generate_interfaces)
[7.699s] 
[7.700s] 
[7.708s] -- Configuring incomplete, errors occurred!
[7.713s] See also "/home/ubuntu/ros2_ws/build/raspimouse_msgs/CMakeFiles/CMakeOutput.log".
[7.742s] make: *** [Makefile:1948: cmake_check_build_system] Error 1
[7.754s] Invoked command in '/home/ubuntu/ros2_ws/build/raspimouse_msgs' returned '2': /usr/bin/cmake --build /home/ubuntu/ros2_ws/build/raspimouse_msgs -- -j4 -l4
