Traceback (most recent call last):
  File "/opt/ros/foxy/lib/rosidl_typesupport_introspection_c/rosidl_typesupport_introspection_c", line 23, in <module>
make[2]: *** [CMakeFiles/raspimouse_msgs__rosidl_typesupport_cpp.dir/build.make:108: CMakeFiles/raspimouse_msgs__rosidl_typesupport_cpp.dir/rosidl_typesupport_cpp/raspimouse_msgs/msg/light_sensors__type_support.cpp.o] Interrupt
make[2]: *** [CMakeFiles/raspimouse_msgs__rosidl_typesupport_fastrtps_cpp.dir/build.make:134: CMakeFiles/raspimouse_msgs__rosidl_typesupport_fastrtps_cpp.dir/rosidl_typesupport_fastrtps_cpp/raspimouse_msgs/msg/detail/dds_fastrtps/light_sensors__type_support.cpp.o] Interrupt
make[2]: *** [CMakeFiles/raspimouse_msgs__rosidl_typesupport_introspection_cpp.dir/build.make:134: CMakeFiles/raspimouse_msgs__rosidl_typesupport_introspection_cpp.dir/rosidl_typesupport_introspection_cpp/raspimouse_msgs/msg/detail/light_sensors__type_support.cpp.o] Interrupt
make[2]: *** Deleting file 'rosidl_typesupport_introspection_c/raspimouse_msgs/msg/detail/light_sensors__rosidl_typesupport_introspection_c.h'
make[1]: *** [CMakeFiles/Makefile2:499: CMakeFiles/raspimouse_msgs__rosidl_typesupport_introspection_cpp.dir/all] Interrupt
make[1]: *** [CMakeFiles/Makefile2:526: CMakeFiles/raspimouse_msgs__rosidl_typesupport_cpp.dir/all] Interrupt
make[1]: *** [CMakeFiles/Makefile2:332: CMakeFiles/raspimouse_msgs__rosidl_typesupport_fastrtps_cpp.dir/all] Interrupt
    sys.exit(main())
  File "/opt/ros/foxy/lib/rosidl_typesupport_introspection_c/rosidl_typesupport_introspection_c", line 19, in main
    return generate_c(args.generator_arguments_file)
  File "/opt/ros/foxy/lib/python3.8/site-packages/rosidl_typesupport_introspection_c/__init__.py", line 24, in generate_c
    generate_files(generator_arguments_file, mapping)
  File "/opt/ros/foxy/lib/python3.8/site-packages/rosidl_cmake/__init__.py", line 87, in generate_files
    expand_template(
  File "/opt/ros/foxy/lib/python3.8/site-packages/rosidl_cmake/__init__.py", line 149, in expand_template
    interpreter.string(template_content, template_path, locals=data)
  File "/usr/lib/python3/dist-packages/em.py", line 2391, in string
    self.safe(scanner, True, locals)
  File "/usr/lib/python3/dist-packages/em.py", line 2401, in safe
    self.parse(scanner, locals)
  File "/usr/lib/python3/dist-packages/em.py", line 2421, in parse
    token.run(self, locals)
  File "/usr/lib/python3/dist-packages/em.py", line 1547, in run
    self.subrun(info[0][1], interpreter, locals)
  File "/usr/lib/python3/dist-packages/em.py", line 1631, in subrun
    token.run(interpreter, locals)
  File "/usr/lib/python3/dist-packages/em.py", line 1425, in run
    interpreter.execute(self.code, locals)
  File "/usr/lib/python3/dist-packages/em.py", line 2595, in execute
    _exec(statements, self.globals, locals)
  File "<string>", line 2, in <module>
  File "/opt/ros/foxy/lib/python3.8/site-packages/rosidl_cmake/__init__.py", line 198, in _expand_template
    interpreter.string(content, str(template_path), kwargs)
  File "/usr/lib/python3/dist-packages/em.py", line 2391, in string
    self.safe(scanner, True, locals)
  File "/usr/lib/python3/dist-packages/em.py", line 2401, in safe
    self.parse(scanner, locals)
  File "/usr/lib/python3/dist-packages/em.py", line 2421, in parse
    token.run(self, locals)
  File "/usr/lib/python3/dist-packages/em.py", line 1425, in run
    interpreter.execute(self.code, locals)
  File "/usr/lib/python3/dist-packages/em.py", line 2595, in execute
    _exec(statements, self.globals, locals)
  File "<string>", line 2, in <module>
  File "/opt/ros/foxy/lib/python3.8/site-packages/rosidl_cmake/__init__.py", line 198, in _expand_template
    interpreter.string(content, str(template_path), kwargs)
  File "/usr/lib/python3/dist-packages/em.py", line 2391, in string
    self.safe(scanner, True, locals)
  File "/usr/lib/python3/dist-packages/em.py", line 2401, in safe
    self.parse(scanner, locals)
  File "/usr/lib/python3/dist-packages/em.py", line 2421, in parse
    token.run(self, locals)
  File "/usr/lib/python3/dist-packages/em.py", line 1543, in run
    sequence = interpreter.evaluate(sequenceCode, locals)
  File "/usr/lib/python3/dist-packages/em.py", line 2572, in evaluate
    result = eval(expression, self.globals, locals)
  File "<string>", line 1, in <module>
KeyboardInterrupt
Exception ignored in: <function Interpreter.__del__ at 0xffff9c2c4ee0>
Traceback (most recent call last):
  File "/usr/lib/python3/dist-packages/em.py", line 2094, in __del__
  File "/usr/lib/python3/dist-packages/em.py", line 2157, in shutdown
  File "/usr/lib/python3/dist-packages/em.py", line 2646, in finalize
  File "/usr/lib/python3/dist-packages/em.py", line 2200, in push
AttributeError: '_io.TextIOWrapper' object has no attribute 'push'
make[2]: *** [CMakeFiles/raspimouse_msgs__rosidl_typesupport_introspection_c.dir/build.make:84: rosidl_typesupport_introspection_c/raspimouse_msgs/msg/detail/light_sensors__rosidl_typesupport_introspection_c.h] Interrupt
make[1]: *** [CMakeFiles/Makefile2:387: CMakeFiles/raspimouse_msgs__rosidl_typesupport_introspection_c.dir/all] Interrupt
make: *** [Makefile:141: all] Interrupt
