[1.962s] Invoking command in '/home/ubuntu/ros2_ws/build/raspimouse_msgs': CMAKE_PREFIX_PATH=${CMAKE_PREFIX_PATH}:/home/ubuntu/ros2_ws/install/raspimouse_run_corridor:/home/ubuntu/ros2_ws/install/raspimouse:/opt/ros/foxy /usr/bin/cmake --build /home/ubuntu/ros2_ws/build/raspimouse_msgs -- -j4 -l4
[2.595s] -- Found ament_cmake: 0.9.9 (/opt/ros/foxy/share/ament_cmake/cmake)
[2.887s] -- Found PythonInterp: /usr/bin/python3 (found suitable version "3.8.10", minimum required is "3") 
[2.892s] -- Using PYTHON_EXECUTABLE: /usr/bin/python3
[5.084s] -- Found rosidl_default_generators: 1.0.1 (/opt/ros/foxy/share/rosidl_default_generators/cmake)
[5.121s] -- Using all available rosidl_typesupport_c: rosidl_typesupport_fastrtps_c;rosidl_typesupport_introspection_c
[5.167s] -- Found rosidl_adapter: 1.2.1 (/opt/ros/foxy/share/rosidl_adapter/cmake)
[6.966s] -- Using all available rosidl_typesupport_cpp: rosidl_typesupport_fastrtps_cpp;rosidl_typesupport_introspection_cpp
[7.552s] -- Found PythonInterp: /usr/bin/python3 (found version "3.8.10") 
[11.744s] CMake Error at /opt/ros/foxy/share/rosidl_adapter/cmake/rosidl_adapt_interfaces.cmake:60 (message):
[11.745s]   execute_process(/usr/bin/python3 -m rosidl_adapter --package-name
[11.746s]   raspimouse_msgs --arguments-file
[11.747s]   /home/ubuntu/ros2_ws/build/raspimouse_msgs/rosidl_adapter__arguments__raspimouse_msgs.json
[11.748s]   --output-dir
[11.750s]   /home/ubuntu/ros2_ws/build/raspimouse_msgs/rosidl_adapter/raspimouse_msgs
[11.752s]   --output-file
[11.754s]   /home/ubuntu/ros2_ws/build/raspimouse_msgs/rosidl_adapter/raspimouse_msgs.idls)
[11.755s]   returned error code 1:
[11.756s] 
[11.758s]   Error processing 'geometry_msgs/msg/Point target' of
[11.759s]   'raspimouse_msgs/MoveRobot_Goal': 'geometry_msgs/msg/Point'
[11.760s] 
[11.761s]   Traceback (most recent call last):
[11.762s] 
[11.762s]     File "/usr/lib/python3.8/runpy.py", line 194, in _run_module_as_main
[11.763s]       return _run_code(code, main_globals, None,
[11.764s]     File "/usr/lib/python3.8/runpy.py", line 87, in _run_code
[11.765s]       exec(code, run_globals)
[11.766s]     File "/opt/ros/foxy/lib/python3.8/site-packages/rosidl_adapter/__main__.py", line 19, in <module>
[11.767s]       sys.exit(main())
[11.768s]     File "/opt/ros/foxy/lib/python3.8/site-packages/rosidl_adapter/main.py", line 53, in main
[11.768s]       abs_idl_file = convert_to_idl(
[11.770s]     File "/opt/ros/foxy/lib/python3.8/site-packages/rosidl_adapter/__init__.py", line 29, in convert_to_idl
[11.771s]       return convert_action_to_idl(
[11.772s]     File "/opt/ros/foxy/lib/python3.8/site-packages/rosidl_adapter/action/__init__.py", line 28, in convert_action_to_idl
[11.773s]       action = parse_action_string(package_name, input_file.stem, content)
[11.775s]     File "/opt/ros/foxy/lib/python3.8/site-packages/rosidl_adapter/parser.py", line 892, in parse_action_string
[11.776s]       goal_message = parse_message_string(
[11.777s]     File "/opt/ros/foxy/lib/python3.8/site-packages/rosidl_adapter/parser.py", line 516, in parse_message_string
[11.778s]       Type(type_string, context_package_name=pkg_name),
[11.779s]     File "/opt/ros/foxy/lib/python3.8/site-packages/rosidl_adapter/parser.py", line 276, in __init__
[11.781s]       super(Type, self).__init__(
[11.783s]     File "/opt/ros/foxy/lib/python3.8/site-packages/rosidl_adapter/parser.py", line 189, in __init__
[11.784s]       raise InvalidResourceName(type_string)
[11.785s] 
[11.786s]   rosidl_adapter.parser.InvalidResourceName: geometry_msgs/msg/Point
[11.787s] 
[11.789s] Call Stack (most recent call first):
[11.790s]   /opt/ros/foxy/share/rosidl_cmake/cmake/rosidl_generate_interfaces.cmake:130 (rosidl_adapt_interfaces)
[11.792s]   CMakeLists.txt:24 (rosidl_generate_interfaces)
[11.793s] 
[11.794s] 
[11.796s] -- Configuring incomplete, errors occurred!
[11.797s] See also "/home/ubuntu/ros2_ws/build/raspimouse_msgs/CMakeFiles/CMakeOutput.log".
[11.814s] make: *** [Makefile:2428: cmake_check_build_system] Error 1
[11.846s] Invoked command in '/home/ubuntu/ros2_ws/build/raspimouse_msgs' returned '2': CMAKE_PREFIX_PATH=${CMAKE_PREFIX_PATH}:/home/ubuntu/ros2_ws/install/raspimouse_run_corridor:/home/ubuntu/ros2_ws/install/raspimouse:/opt/ros/foxy /usr/bin/cmake --build /home/ubuntu/ros2_ws/build/raspimouse_msgs -- -j4 -l4
